<?xml version="1.0" encoding="utf-8"?><testsuites name="pytest tests"><testsuite name="pytest" errors="0" failures="0" skipped="0" tests="8" time="1.867" timestamp="2026-07-18T11:52:49.378297+00:00" hostname="agent-env-cacc4f99-06ff-4dff-94bd-ce886256a518"><testcase classname="tests.test_post_restart" name="test_health" time="0.190" /><testcase classname="tests.test_post_restart" name="test_public_config" time="0.138" /><testcase classname="tests.test_post_restart" name="test_auth_me" time="0.436" /><testcase classname="tests.test_post_restart" name="test_admin_leads_persisted" time="0.099" /><testcase classname="tests.test_post_restart" name="test_admin_stats" time="0.109" /><testcase classname="tests.test_post_restart" name="test_admin_activity" time="0.104" /><testcase classname="tests.test_post_restart" name="test_admin_config" time="0.102" /><testcase classname="tests.test_post_restart" name="test_create_lead_regression" time="0.194" /></testsuite></testsuites>