<?xml version="1.0" encoding="utf-8"?><testsuites name="pytest tests"><testsuite name="pytest" errors="0" failures="0" skipped="0" tests="16" time="5.161" timestamp="2026-07-17T23:44:05.504146+00:00" hostname="agent-env-cacc4f99-06ff-4dff-94bd-ce886256a518"><testcase classname="tests.test_admin_api.TestAuth" name="test_login_bad" time="0.406" /><testcase classname="tests.test_admin_api.TestAuth" name="test_me_requires_token" time="0.257" /><testcase classname="tests.test_admin_api.TestLeads" name="test_list_shape" time="0.802" /><testcase classname="tests.test_admin_api.TestLeads" name="test_create_patch_valid" time="0.593" /><testcase classname="tests.test_admin_api.TestAuth" name="test_me" time="0.571" /><testcase classname="tests.test_admin_api.TestStatsPeriod" name="test_stats_24h" time="0.140" /><testcase classname="tests.test_admin_api.TestStatsPeriod" name="test_stats_7d" time="0.105" /><testcase classname="tests.test_admin_api.TestLeads" name="test_patch_invalid_status" time="0.490" /><testcase classname="tests.test_admin_api.TestStatsPeriod" name="test_stats_30d" time="0.246" /><testcase classname="tests.test_admin_api.TestHealth" name="test_root" time="0.100" /><testcase classname="tests.test_admin_api.TestHealth" name="test_login_ok" time="0.000" /><testcase classname="tests.test_admin_api.TestPublic" name="test_track_and_public_config" time="0.258" /><testcase classname="tests.test_admin_api.TestLeads" name="test_delete_lead_and_404" time="0.353" /><testcase classname="tests.test_admin_api.TestPresence" name="test_presence_order" time="1.956" /><testcase classname="tests.test_admin_api.TestLeads" name="test_export_csv" time="0.321" /><testcase classname="tests.test_admin_api.TestAuthRequired" name="test_all_admin_require_auth" time="0.609" /></testsuite></testsuites>