<?xml version="1.0" encoding="utf-8"?><testsuites name="pytest tests"><testsuite name="pytest" errors="0" failures="0" skipped="0" tests="12" time="3.463" timestamp="2026-07-17T23:32:06.683093+00:00" hostname="agent-env-cacc4f99-06ff-4dff-94bd-ce886256a518"><testcase classname="tests.test_admin_api.TestAuth" name="test_login_bad_credentials" time="0.432" /><testcase classname="tests.test_admin_api.TestAuth" name="test_me_requires_token" time="0.256" /><testcase classname="tests.test_admin_api.TestAdmin" name="test_stats" time="1.025" /><testcase classname="tests.test_admin_api.TestAuth" name="test_me_with_token" time="0.489" /><testcase classname="tests.test_admin_api.TestAdmin" name="test_activity" time="0.216" /><testcase classname="tests.test_admin_api.TestPublic" name="test_track_event" time="0.107" /><testcase classname="tests.test_admin_api.TestAdmin" name="test_presence" time="0.762" /><testcase classname="tests.test_admin_api.TestPublic" name="test_public_config" time="0.099" /><testcase classname="tests.test_admin_api.TestLeads" name="test_create_lead_and_persist" time="0.426" /><testcase classname="tests.test_admin_api.TestLeads" name="test_lead_missing_required" time="0.116" /><testcase classname="tests.test_admin_api.TestAdmin" name="test_config_update_reflects_public" time="0.425" /><testcase classname="tests.test_admin_api.TestAdmin" name="test_admin_endpoints_require_auth" time="0.535" /></testsuite></testsuites>