<?xml version="1.0" encoding="utf-8"?><testsuites name="pytest tests"><testsuite name="pytest" errors="0" failures="0" skipped="0" tests="3" time="2.477" timestamp="2026-07-18T02:02:29.521863+00:00" hostname="agent-env-cacc4f99-06ff-4dff-94bd-ce886256a518"><testcase classname="tests.test_whatsapp_config.TestPublicConfig" name="test_public_config_no_auth" time="0.184" /><testcase classname="tests.test_whatsapp_config.TestActivityTracking" name="test_track_whatsapp_open_appears_in_activity" time="1.719" /><testcase classname="tests.test_whatsapp_config.TestAdminConfigUpdateReflectsPublic" name="test_update_number_and_message_reflects_in_public" time="1.040" /></testsuite></testsuites>